<?xml version="1.0" encoding="UTF-8"?>
<!-- Generated by org.testng.reporters.JUnitXMLReporter -->
<testsuite hostname="ATMECSINLT-652" ignored="8" name="Test cases of DisplayChannelService DELETE end point" tests="5" failures="1" timestamp="19 Jul 2019 09:44:05 GMT" time="38.141" errors="0">
  <testcase name="testDeleteTestData" time="22.772" classname="com.truclearglobal.api.delete.testscripts.displaychannelservice.TC_000_Verify_To_Delete_All_Test_Data">
    <failure type="java.lang.AssertionError" message="ERROR: Status Code Validation Failed. expected [200] but found [404]">
      <![CDATA[java.lang.AssertionError: ERROR: Status Code Validation Failed. expected [200] but found [404]
at com.truclearglobal.api.utility.NetworkHelper.deleteNetwork(NetworkHelper.java:81)
at com.truclearglobal.api.delete.testscripts.displaychannelservice.TC_000_Verify_To_Delete_All_Test_Data.testDeleteTestData(TC_000_Verify_To_Delete_All_Test_Data.java:36)
... Removed 30 stack frames]]>
    </failure>
  </testcase> <!-- testDeleteTestData -->
  <testcase name="DeleteScheduleWithValidData" time="4.671" classname="com.truclearglobal.api.delete.testscripts.displaychannelservice.TC_040_Verify_To_Delete_Created_Schedule"/>
  <testcase name="DeleteScheduleWithoutAuthorization" time="2.417" classname="com.truclearglobal.api.delete.testscripts.displaychannelservice.TC_041_Verify_To_Delete_Schedule_Without_Authorization"/>
  <testcase name="DeleteScheduleWithInvalScheduleUUID" time="3.92" classname="com.truclearglobal.api.delete.testscripts.displaychannelservice.TC_042_Verify_To_Delete_Schedule_With_InvalidScheduleUUID"/>
  <testcase name="DeleteScheduleWithInvalidDisplayUUID" time="4.313" classname="com.truclearglobal.api.delete.testscripts.displaychannelservice.TC_043_Verify_To_Delete_Schedule_With_InvalidDisplayUUID"/>
  <testcase name="@BeforeSuite intiReportProperties" time="0.0" classname="com.truclearglobal.api.testsuite.TestSuiteBase">
    <ignored/>
  </testcase> <!-- @BeforeSuite intiReportProperties -->
  <testcase name="@BeforeSuite intiReportProperties" time="0.0" classname="com.truclearglobal.api.testsuite.TestSuiteBase">
    <ignored/>
  </testcase> <!-- @BeforeSuite intiReportProperties -->
  <testcase name="@BeforeSuite intiReportProperties" time="0.0" classname="com.truclearglobal.api.testsuite.TestSuiteBase">
    <ignored/>
  </testcase> <!-- @BeforeSuite intiReportProperties -->
  <testcase name="@BeforeSuite intiReportProperties" time="0.0" classname="com.truclearglobal.api.testsuite.TestSuiteBase">
    <ignored/>
  </testcase> <!-- @BeforeSuite intiReportProperties -->
  <testcase name="@AfterSuite tearDown" time="0.0" classname="com.truclearglobal.api.testsuite.TestSuiteBase">
    <ignored/>
  </testcase> <!-- @AfterSuite tearDown -->
  <testcase name="@AfterSuite tearDown" time="0.0" classname="com.truclearglobal.api.testsuite.TestSuiteBase">
    <ignored/>
  </testcase> <!-- @AfterSuite tearDown -->
  <testcase name="@AfterSuite tearDown" time="0.0" classname="com.truclearglobal.api.testsuite.TestSuiteBase">
    <ignored/>
  </testcase> <!-- @AfterSuite tearDown -->
  <testcase name="@AfterSuite tearDown" time="0.0" classname="com.truclearglobal.api.testsuite.TestSuiteBase">
    <ignored/>
  </testcase> <!-- @AfterSuite tearDown -->
</testsuite> <!-- Test cases of DisplayChannelService DELETE end point -->
