<?xml version="1.0" encoding="UTF-8"?>
<!-- Generated by org.testng.reporters.JUnitXMLReporter -->
<testsuite hostname="ATMECSINLT-652" ignored="10" name="Test cases of DisplayChannelService PUT end point" tests="6" failures="0" timestamp="19 Jul 2019 09:43:27 GMT" time="62.772" errors="0">
  <testcase name="UpdateScheduleWithValidData" time="11.131" classname="com.truclearglobal.api.put.testscripts.displaychannelservice.TC_034_Update_Schedule_With_Valid_Data"/>
  <testcase name="UpdateScheduleWithExistingScheduleName" time="11.232" classname="com.truclearglobal.api.put.testscripts.displaychannelservice.TC_035_Update_Schedule_With_Existing_ScheduleName"/>
  <testcase name="UpdateScheduleWithoutAuthorization" time="8.711" classname="com.truclearglobal.api.put.testscripts.displaychannelservice.TC_036_Update_Schedule_Without_Authorization"/>
  <testcase name="UpdateScheduleWithoutDayBlockUUID" time="9.859" classname="com.truclearglobal.api.put.testscripts.displaychannelservice.TC_037_Update_Schedule_Without_DayBlockUUID"/>
  <testcase name="UpdateScheduleWithColor" time="11.666" classname="com.truclearglobal.api.put.testscripts.displaychannelservice.TC_038_Update_Schedule_With_Color"/>
  <testcase name="UpdateScheduleWithState" time="10.129" classname="com.truclearglobal.api.put.testscripts.displaychannelservice.TC_039_Update_Schedule_With_State"/>
  <testcase name="@BeforeSuite intiReportProperties" time="0.0" classname="com.truclearglobal.api.testsuite.TestSuiteBase">
    <ignored/>
  </testcase> <!-- @BeforeSuite intiReportProperties -->
  <testcase name="@BeforeSuite intiReportProperties" time="0.0" classname="com.truclearglobal.api.testsuite.TestSuiteBase">
    <ignored/>
  </testcase> <!-- @BeforeSuite intiReportProperties -->
  <testcase name="@BeforeSuite intiReportProperties" time="0.0" classname="com.truclearglobal.api.testsuite.TestSuiteBase">
    <ignored/>
  </testcase> <!-- @BeforeSuite intiReportProperties -->
  <testcase name="@BeforeSuite intiReportProperties" time="0.0" classname="com.truclearglobal.api.testsuite.TestSuiteBase">
    <ignored/>
  </testcase> <!-- @BeforeSuite intiReportProperties -->
  <testcase name="@BeforeSuite intiReportProperties" time="0.0" classname="com.truclearglobal.api.testsuite.TestSuiteBase">
    <ignored/>
  </testcase> <!-- @BeforeSuite intiReportProperties -->
  <testcase name="@AfterSuite tearDown" time="0.0" classname="com.truclearglobal.api.testsuite.TestSuiteBase">
    <ignored/>
  </testcase> <!-- @AfterSuite tearDown -->
  <testcase name="@AfterSuite tearDown" time="0.0" classname="com.truclearglobal.api.testsuite.TestSuiteBase">
    <ignored/>
  </testcase> <!-- @AfterSuite tearDown -->
  <testcase name="@AfterSuite tearDown" time="0.0" classname="com.truclearglobal.api.testsuite.TestSuiteBase">
    <ignored/>
  </testcase> <!-- @AfterSuite tearDown -->
  <testcase name="@AfterSuite tearDown" time="0.0" classname="com.truclearglobal.api.testsuite.TestSuiteBase">
    <ignored/>
  </testcase> <!-- @AfterSuite tearDown -->
  <testcase name="@AfterSuite tearDown" time="0.0" classname="com.truclearglobal.api.testsuite.TestSuiteBase">
    <ignored/>
  </testcase> <!-- @AfterSuite tearDown -->
</testsuite> <!-- Test cases of DisplayChannelService PUT end point -->
