<?xml version="1.0" encoding="UTF-8"?>
<!-- Generated by org.testng.reporters.JUnitXMLReporter -->
<testsuite hostname="ATMECSINLT-652" ignored="34" name="Test cases of DisplayChannelService POST end point" tests="18" failures="3" timestamp="19 Jul 2019 09:40:54 GMT" time="106.314" errors="0">
  <testcase name="createPrerequisiteTestData" time="24.137" classname="com.truclearglobal.api.post.testscripts.displaychannelservice.TC_000_Verify_To_Create_Prerequisite_Testdata_For_Schedule">
    <failure type="java.lang.NullPointerException">
      <![CDATA[java.lang.NullPointerException
at com.truclearglobal.api.utility.DeviceServiceHelper.addDeviceAndReturnId(DeviceServiceHelper.java:33)
at com.truclearglobal.api.post.testscripts.displaychannelservice.TC_000_Verify_To_Create_Prerequisite_Testdata_For_Schedule.createPrerequisiteTestData(TC_000_Verify_To_Create_Prerequisite_Testdata_For_Schedule.java:45)
... Removed 25 stack frames]]>
    </failure>
  </testcase> <!-- createPrerequisiteTestData -->
  <testcase name="AddScheduleWithValidData" time="4.87" classname="com.truclearglobal.api.post.testscripts.displaychannelservice.TC_001_Verify_To_Create_Schedule_With_Valid_Data"/>
  <testcase name="addScheduleWithScheduleUUID" time="5.525" classname="com.truclearglobal.api.post.testscripts.displaychannelservice.TC_002_Verify_To_Create_Schedule_With_ScheduleUUID">
    <failure type="java.lang.AssertionError" message="expected [200] but found [422]">
      <![CDATA[java.lang.AssertionError: expected [200] but found [422]
at com.truclearglobal.api.post.testscripts.displaychannelservice.TC_002_Verify_To_Create_Schedule_With_ScheduleUUID.addScheduleWithScheduleUUID(TC_002_Verify_To_Create_Schedule_With_ScheduleUUID.java:36)
... Removed 31 stack frames]]>
    </failure>
  </testcase> <!-- addScheduleWithScheduleUUID -->
  <testcase name="addScheduleWithEmptyPayload" time="5.894" classname="com.truclearglobal.api.post.testscripts.displaychannelservice.TC_003_Verify_To_Create_Schedule_With_Empty_Payload"/>
  <testcase name="AddScheduleWithoutAuthorization" time="2.376" classname="com.truclearglobal.api.post.testscripts.displaychannelservice.TC_004_Verify_To_Create_Schedule_Without_Authorization"/>
  <testcase name="AddScheduleWithInvalidJsonFormat" time="4.773" classname="com.truclearglobal.api.post.testscripts.displaychannelservice.TC_005_Verify_To_Create_Schedule_With_Invalid_Payload"/>
  <testcase name="AddScheduleWithoutDisplayUuid" time="4.227" classname="com.truclearglobal.api.post.testscripts.displaychannelservice.TC_006_Verify_To_Create_Schedule_Without_DisplayUUID"/>
  <testcase name="AddScheduleWithoutDayBlockUUID" time="5.374" classname="com.truclearglobal.api.post.testscripts.displaychannelservice.TC_007_Verify_To_Create_Schedule_Without_DayBlockUUID"/>
  <testcase name="AddScheduletWithoutScheduleName" time="5.11" classname="com.truclearglobal.api.post.testscripts.displaychannelservice.TC_008_Verify_To_Create_Schedule_Without_ScheduleName"/>
  <testcase name="AddScheduletWithSameScheduleName" time="5.102" classname="com.truclearglobal.api.post.testscripts.displaychannelservice.TC_009_Verify_To_Create_Schedule_With_Same_ScheduleName">
    <failure type="java.lang.NullPointerException">
      <![CDATA[java.lang.NullPointerException
at com.truclearglobal.api.post.testscripts.displaychannelservice.TC_009_Verify_To_Create_Schedule_With_Same_ScheduleName.AddScheduletWithSameScheduleName(TC_009_Verify_To_Create_Schedule_With_Same_ScheduleName.java:40)
... Removed 25 stack frames]]>
    </failure>
  </testcase> <!-- AddScheduletWithSameScheduleName -->
  <testcase name="AddScheduleWithoutDayOfWeek" time="5.114" classname="com.truclearglobal.api.post.testscripts.displaychannelservice.TC_010_Verify_To_Create_Schedule_Without_DayOfWeek"/>
  <testcase name="AddScheduleWithoutDisplayScheduleSummary" time="4.43" classname="com.truclearglobal.api.post.testscripts.displaychannelservice.TC_011_Verify_To_Create_Schedule_Without_DisplayScheduleSummary"/>
  <testcase name="AddScheduleWithHourBlocks" time="5.372" classname="com.truclearglobal.api.post.testscripts.displaychannelservice.TC_012_Verify_To_Create_Schedule_With_HourBlocks"/>
  <testcase name="GenerateAutoScheduleWithNetworkNumber" time="4.906" classname="com.truclearglobal.api.post.testscripts.displaychannelservice.TC_013_Verify_To_Generate_AutoSchedule_With_NetworkNumber"/>
  <testcase name="GenerateAutoScheduleWithoutNetworkNumber" time="5.435" classname="com.truclearglobal.api.post.testscripts.displaychannelservice.TC_014_Verify_To_Generate_AutoSchedule_Without_NetworkNumber"/>
  <testcase name="AddAutoScheduleWithoutAuthorization" time="2.336" classname="com.truclearglobal.api.post.testscripts.displaychannelservice.TC_015_Verify_To_Generate_AutoSchedule_Without_Authorization"/>
  <testcase name="addAutoScheduleWithEmptyPayload" time="6.132" classname="com.truclearglobal.api.post.testscripts.displaychannelservice.TC_016_Verify_To_Generate_AutoSchedule_With_Empty_Payload"/>
  <testcase name="AddAutoScheduletWithSameNetworkNumber" time="4.906" classname="com.truclearglobal.api.post.testscripts.displaychannelservice.TC_017_Verify_To_Generate_AutoSchedule_With_Same_NetworkNumber"/>
  <testcase name="@BeforeSuite intiReportProperties" time="0.0" classname="com.truclearglobal.api.testsuite.TestSuiteBase">
    <ignored/>
  </testcase> <!-- @BeforeSuite intiReportProperties -->
  <testcase name="@BeforeSuite intiReportProperties" time="0.0" classname="com.truclearglobal.api.testsuite.TestSuiteBase">
    <ignored/>
  </testcase> <!-- @BeforeSuite intiReportProperties -->
  <testcase name="@BeforeSuite intiReportProperties" time="0.0" classname="com.truclearglobal.api.testsuite.TestSuiteBase">
    <ignored/>
  </testcase> <!-- @BeforeSuite intiReportProperties -->
  <testcase name="@BeforeSuite intiReportProperties" time="0.0" classname="com.truclearglobal.api.testsuite.TestSuiteBase">
    <ignored/>
  </testcase> <!-- @BeforeSuite intiReportProperties -->
  <testcase name="@BeforeSuite intiReportProperties" time="0.0" classname="com.truclearglobal.api.testsuite.TestSuiteBase">
    <ignored/>
  </testcase> <!-- @BeforeSuite intiReportProperties -->
  <testcase name="@BeforeSuite intiReportProperties" time="0.0" classname="com.truclearglobal.api.testsuite.TestSuiteBase">
    <ignored/>
  </testcase> <!-- @BeforeSuite intiReportProperties -->
  <testcase name="@BeforeSuite intiReportProperties" time="0.0" classname="com.truclearglobal.api.testsuite.TestSuiteBase">
    <ignored/>
  </testcase> <!-- @BeforeSuite intiReportProperties -->
  <testcase name="@BeforeSuite intiReportProperties" time="0.0" classname="com.truclearglobal.api.testsuite.TestSuiteBase">
    <ignored/>
  </testcase> <!-- @BeforeSuite intiReportProperties -->
  <testcase name="@BeforeSuite intiReportProperties" time="0.0" classname="com.truclearglobal.api.testsuite.TestSuiteBase">
    <ignored/>
  </testcase> <!-- @BeforeSuite intiReportProperties -->
  <testcase name="@BeforeSuite intiReportProperties" time="0.0" classname="com.truclearglobal.api.testsuite.TestSuiteBase">
    <ignored/>
  </testcase> <!-- @BeforeSuite intiReportProperties -->
  <testcase name="@BeforeSuite intiReportProperties" time="0.0" classname="com.truclearglobal.api.testsuite.TestSuiteBase">
    <ignored/>
  </testcase> <!-- @BeforeSuite intiReportProperties -->
  <testcase name="@BeforeSuite intiReportProperties" time="0.0" classname="com.truclearglobal.api.testsuite.TestSuiteBase">
    <ignored/>
  </testcase> <!-- @BeforeSuite intiReportProperties -->
  <testcase name="@BeforeSuite intiReportProperties" time="0.0" classname="com.truclearglobal.api.testsuite.TestSuiteBase">
    <ignored/>
  </testcase> <!-- @BeforeSuite intiReportProperties -->
  <testcase name="@BeforeSuite intiReportProperties" time="0.0" classname="com.truclearglobal.api.testsuite.TestSuiteBase">
    <ignored/>
  </testcase> <!-- @BeforeSuite intiReportProperties -->
  <testcase name="@BeforeSuite intiReportProperties" time="0.0" classname="com.truclearglobal.api.testsuite.TestSuiteBase">
    <ignored/>
  </testcase> <!-- @BeforeSuite intiReportProperties -->
  <testcase name="@BeforeSuite intiReportProperties" time="0.0" classname="com.truclearglobal.api.testsuite.TestSuiteBase">
    <ignored/>
  </testcase> <!-- @BeforeSuite intiReportProperties -->
  <testcase name="@BeforeSuite intiReportProperties" time="0.0" classname="com.truclearglobal.api.testsuite.TestSuiteBase">
    <ignored/>
  </testcase> <!-- @BeforeSuite intiReportProperties -->
  <testcase name="@AfterSuite tearDown" time="0.0" classname="com.truclearglobal.api.testsuite.TestSuiteBase">
    <ignored/>
  </testcase> <!-- @AfterSuite tearDown -->
  <testcase name="@AfterSuite tearDown" time="0.0" classname="com.truclearglobal.api.testsuite.TestSuiteBase">
    <ignored/>
  </testcase> <!-- @AfterSuite tearDown -->
  <testcase name="@AfterSuite tearDown" time="0.0" classname="com.truclearglobal.api.testsuite.TestSuiteBase">
    <ignored/>
  </testcase> <!-- @AfterSuite tearDown -->
  <testcase name="@AfterSuite tearDown" time="0.0" classname="com.truclearglobal.api.testsuite.TestSuiteBase">
    <ignored/>
  </testcase> <!-- @AfterSuite tearDown -->
  <testcase name="@AfterSuite tearDown" time="0.0" classname="com.truclearglobal.api.testsuite.TestSuiteBase">
    <ignored/>
  </testcase> <!-- @AfterSuite tearDown -->
  <testcase name="@AfterSuite tearDown" time="0.0" classname="com.truclearglobal.api.testsuite.TestSuiteBase">
    <ignored/>
  </testcase> <!-- @AfterSuite tearDown -->
  <testcase name="@AfterSuite tearDown" time="0.0" classname="com.truclearglobal.api.testsuite.TestSuiteBase">
    <ignored/>
  </testcase> <!-- @AfterSuite tearDown -->
  <testcase name="@AfterSuite tearDown" time="0.0" classname="com.truclearglobal.api.testsuite.TestSuiteBase">
    <ignored/>
  </testcase> <!-- @AfterSuite tearDown -->
  <testcase name="@AfterSuite tearDown" time="0.0" classname="com.truclearglobal.api.testsuite.TestSuiteBase">
    <ignored/>
  </testcase> <!-- @AfterSuite tearDown -->
  <testcase name="@AfterSuite tearDown" time="0.0" classname="com.truclearglobal.api.testsuite.TestSuiteBase">
    <ignored/>
  </testcase> <!-- @AfterSuite tearDown -->
  <testcase name="@AfterSuite tearDown" time="0.0" classname="com.truclearglobal.api.testsuite.TestSuiteBase">
    <ignored/>
  </testcase> <!-- @AfterSuite tearDown -->
  <testcase name="@AfterSuite tearDown" time="0.0" classname="com.truclearglobal.api.testsuite.TestSuiteBase">
    <ignored/>
  </testcase> <!-- @AfterSuite tearDown -->
  <testcase name="@AfterSuite tearDown" time="0.0" classname="com.truclearglobal.api.testsuite.TestSuiteBase">
    <ignored/>
  </testcase> <!-- @AfterSuite tearDown -->
  <testcase name="@AfterSuite tearDown" time="0.0" classname="com.truclearglobal.api.testsuite.TestSuiteBase">
    <ignored/>
  </testcase> <!-- @AfterSuite tearDown -->
  <testcase name="@AfterSuite tearDown" time="0.0" classname="com.truclearglobal.api.testsuite.TestSuiteBase">
    <ignored/>
  </testcase> <!-- @AfterSuite tearDown -->
  <testcase name="@AfterSuite tearDown" time="0.0" classname="com.truclearglobal.api.testsuite.TestSuiteBase">
    <ignored/>
  </testcase> <!-- @AfterSuite tearDown -->
  <testcase name="@AfterSuite tearDown" time="0.0" classname="com.truclearglobal.api.testsuite.TestSuiteBase">
    <ignored/>
  </testcase> <!-- @AfterSuite tearDown -->
</testsuite> <!-- Test cases of DisplayChannelService POST end point -->
