<?xml version="1.0" encoding="UTF-8"?>
<!-- Generated by org.testng.reporters.JUnitXMLReporter -->
<testsuite hostname="ATMECSINLT-652" ignored="30" name="Test cases of DisplayChannelService GET end point" tests="16" failures="1" timestamp="19 Jul 2019 09:42:24 GMT" time="90.677" errors="0">
  <testcase name="GetScheduleWithScheduleUUID" time="4.682" classname="com.truclearglobal.api.get.testscripts.displaychannelservice.TC_018_Verify_To_Get_Schedule_With_ScheduleUUID"/>
  <testcase name="GetScheduleWithDisplayUUID" time="5.706" classname="com.truclearglobal.api.get.testscripts.displaychannelservice.TC_019_Verify_To_Get_Schedule_With_DisplayUUID"/>
  <testcase name="GetScheduleWithoutAuthorizationWithDisplayUUID" time="2.543" classname="com.truclearglobal.api.get.testscripts.displaychannelservice.TC_020_Verify_To_Get_Schedule_Without_Authorization_With_DisplayUUID"/>
  <testcase name="GetScheduleWithState" time="5.822" classname="com.truclearglobal.api.get.testscripts.displaychannelservice.TC_021_Verify_To_Get_Schedule_With_State"/>
  <testcase name="GetDayBlockWithDisplayUUID" time="6.132" classname="com.truclearglobal.api.get.testscripts.displaychannelservice.TC_022_Verify_To_Get_DayBlock_With_DisplayUUID"/>
  <testcase name="GetDayBlockWithoutDisplayUUID" time="6.077" classname="com.truclearglobal.api.get.testscripts.displaychannelservice.TC_023_Verify_To_Get_DayBlock_Without_DisplayUUID"/>
  <testcase name="GetScheduleWithoutAuthorization" time="1.781" classname="com.truclearglobal.api.get.testscripts.displaychannelservice.TC_024_Verify_To_Get_DayBlock_Without_Authorization"/>
  <testcase name="GetHourBlockWithDisplayUUID" time="4.557" classname="com.truclearglobal.api.get.testscripts.displaychannelservice.TC_025_Verify_To_Get_HourBlock_With_DisplayUUID"/>
  <testcase name="GetHourBlockWithHourBlockUUID" time="5.367" classname="com.truclearglobal.api.get.testscripts.displaychannelservice.TC_026_Verify_To_Get_HourBlock_With_HourBlockUUID"/>
  <testcase name="GetHourBlockWithoutAuthorization" time="2.661" classname="com.truclearglobal.api.get.testscripts.displaychannelservice.TC_027_Verify_To_Get_HourBlock_Without_Authorization"/>
  <testcase name="GetHourBlockWithoutDisplayUUID" time="5.104" classname="com.truclearglobal.api.get.testscripts.displaychannelservice.TC_028_Verify_To_Get_HourBlock_Without_DisplayUUID"/>
  <testcase name="GetHourBlockWithoutHourBlockUUID" time="4.182" classname="com.truclearglobal.api.get.testscripts.displaychannelservice.TC_029_Verify_To_Get_HourBlock_Without_HourBlockUUID"/>
  <testcase name="GetAssetsWithScheduleUUID" time="15.774" classname="com.truclearglobal.api.get.testscripts.displaychannelservice.TC_030_Verify_To_Get_Assets_With_ScheduleUUID">
    <failure type="java.lang.AssertionError" message="ERROR: Status Code Validation Failed. expected [200] but found [500]">
      <![CDATA[java.lang.AssertionError: ERROR: Status Code Validation Failed. expected [200] but found [500]
at com.truclearglobal.api.get.testscripts.displaychannelservice.TC_030_Verify_To_Get_Assets_With_ScheduleUUID.GetAssetsWithScheduleUUID(TC_030_Verify_To_Get_Assets_With_ScheduleUUID.java:33)
... Removed 30 stack frames]]>
    </failure>
  </testcase> <!-- GetAssetsWithScheduleUUID -->
  <testcase name="GetAssetsWithoutAuthorizationWithScheduleUUID" time="6.711" classname="com.truclearglobal.api.get.testscripts.displaychannelservice.TC_031_Verify_To_Get_Assets_Without_Authorization_With_ScheduleUUID"/>
  <testcase name="GetAssetsWithInvalidScheduleUUID" time="8.345" classname="com.truclearglobal.api.get.testscripts.displaychannelservice.TC_032_Verify_To_Get_Assets_With_Invalid_ScheduleUUID"/>
  <testcase name="GetScheduleWithInvalidDisplayUUID" time="5.102" classname="com.truclearglobal.api.get.testscripts.displaychannelservice.TC_033_Verify_To_Get_Schedule_With_Invalid_DisplayUUID"/>
  <testcase name="@BeforeSuite intiReportProperties" time="0.0" classname="com.truclearglobal.api.testsuite.TestSuiteBase">
    <ignored/>
  </testcase> <!-- @BeforeSuite intiReportProperties -->
  <testcase name="@BeforeSuite intiReportProperties" time="0.0" classname="com.truclearglobal.api.testsuite.TestSuiteBase">
    <ignored/>
  </testcase> <!-- @BeforeSuite intiReportProperties -->
  <testcase name="@BeforeSuite intiReportProperties" time="0.0" classname="com.truclearglobal.api.testsuite.TestSuiteBase">
    <ignored/>
  </testcase> <!-- @BeforeSuite intiReportProperties -->
  <testcase name="@BeforeSuite intiReportProperties" time="0.0" classname="com.truclearglobal.api.testsuite.TestSuiteBase">
    <ignored/>
  </testcase> <!-- @BeforeSuite intiReportProperties -->
  <testcase name="@BeforeSuite intiReportProperties" time="0.0" classname="com.truclearglobal.api.testsuite.TestSuiteBase">
    <ignored/>
  </testcase> <!-- @BeforeSuite intiReportProperties -->
  <testcase name="@BeforeSuite intiReportProperties" time="0.0" classname="com.truclearglobal.api.testsuite.TestSuiteBase">
    <ignored/>
  </testcase> <!-- @BeforeSuite intiReportProperties -->
  <testcase name="@BeforeSuite intiReportProperties" time="0.0" classname="com.truclearglobal.api.testsuite.TestSuiteBase">
    <ignored/>
  </testcase> <!-- @BeforeSuite intiReportProperties -->
  <testcase name="@BeforeSuite intiReportProperties" time="0.0" classname="com.truclearglobal.api.testsuite.TestSuiteBase">
    <ignored/>
  </testcase> <!-- @BeforeSuite intiReportProperties -->
  <testcase name="@BeforeSuite intiReportProperties" time="0.0" classname="com.truclearglobal.api.testsuite.TestSuiteBase">
    <ignored/>
  </testcase> <!-- @BeforeSuite intiReportProperties -->
  <testcase name="@BeforeSuite intiReportProperties" time="0.0" classname="com.truclearglobal.api.testsuite.TestSuiteBase">
    <ignored/>
  </testcase> <!-- @BeforeSuite intiReportProperties -->
  <testcase name="@BeforeSuite intiReportProperties" time="0.0" classname="com.truclearglobal.api.testsuite.TestSuiteBase">
    <ignored/>
  </testcase> <!-- @BeforeSuite intiReportProperties -->
  <testcase name="@BeforeSuite intiReportProperties" time="0.0" classname="com.truclearglobal.api.testsuite.TestSuiteBase">
    <ignored/>
  </testcase> <!-- @BeforeSuite intiReportProperties -->
  <testcase name="@BeforeSuite intiReportProperties" time="0.0" classname="com.truclearglobal.api.testsuite.TestSuiteBase">
    <ignored/>
  </testcase> <!-- @BeforeSuite intiReportProperties -->
  <testcase name="@BeforeSuite intiReportProperties" time="0.0" classname="com.truclearglobal.api.testsuite.TestSuiteBase">
    <ignored/>
  </testcase> <!-- @BeforeSuite intiReportProperties -->
  <testcase name="@BeforeSuite intiReportProperties" time="0.0" classname="com.truclearglobal.api.testsuite.TestSuiteBase">
    <ignored/>
  </testcase> <!-- @BeforeSuite intiReportProperties -->
  <testcase name="@AfterSuite tearDown" time="0.0" classname="com.truclearglobal.api.testsuite.TestSuiteBase">
    <ignored/>
  </testcase> <!-- @AfterSuite tearDown -->
  <testcase name="@AfterSuite tearDown" time="0.0" classname="com.truclearglobal.api.testsuite.TestSuiteBase">
    <ignored/>
  </testcase> <!-- @AfterSuite tearDown -->
  <testcase name="@AfterSuite tearDown" time="0.0" classname="com.truclearglobal.api.testsuite.TestSuiteBase">
    <ignored/>
  </testcase> <!-- @AfterSuite tearDown -->
  <testcase name="@AfterSuite tearDown" time="0.0" classname="com.truclearglobal.api.testsuite.TestSuiteBase">
    <ignored/>
  </testcase> <!-- @AfterSuite tearDown -->
  <testcase name="@AfterSuite tearDown" time="0.0" classname="com.truclearglobal.api.testsuite.TestSuiteBase">
    <ignored/>
  </testcase> <!-- @AfterSuite tearDown -->
  <testcase name="@AfterSuite tearDown" time="0.0" classname="com.truclearglobal.api.testsuite.TestSuiteBase">
    <ignored/>
  </testcase> <!-- @AfterSuite tearDown -->
  <testcase name="@AfterSuite tearDown" time="0.0" classname="com.truclearglobal.api.testsuite.TestSuiteBase">
    <ignored/>
  </testcase> <!-- @AfterSuite tearDown -->
  <testcase name="@AfterSuite tearDown" time="0.0" classname="com.truclearglobal.api.testsuite.TestSuiteBase">
    <ignored/>
  </testcase> <!-- @AfterSuite tearDown -->
  <testcase name="@AfterSuite tearDown" time="0.0" classname="com.truclearglobal.api.testsuite.TestSuiteBase">
    <ignored/>
  </testcase> <!-- @AfterSuite tearDown -->
  <testcase name="@AfterSuite tearDown" time="0.0" classname="com.truclearglobal.api.testsuite.TestSuiteBase">
    <ignored/>
  </testcase> <!-- @AfterSuite tearDown -->
  <testcase name="@AfterSuite tearDown" time="0.0" classname="com.truclearglobal.api.testsuite.TestSuiteBase">
    <ignored/>
  </testcase> <!-- @AfterSuite tearDown -->
  <testcase name="@AfterSuite tearDown" time="0.0" classname="com.truclearglobal.api.testsuite.TestSuiteBase">
    <ignored/>
  </testcase> <!-- @AfterSuite tearDown -->
  <testcase name="@AfterSuite tearDown" time="0.0" classname="com.truclearglobal.api.testsuite.TestSuiteBase">
    <ignored/>
  </testcase> <!-- @AfterSuite tearDown -->
  <testcase name="@AfterSuite tearDown" time="0.0" classname="com.truclearglobal.api.testsuite.TestSuiteBase">
    <ignored/>
  </testcase> <!-- @AfterSuite tearDown -->
  <testcase name="@AfterSuite tearDown" time="0.0" classname="com.truclearglobal.api.testsuite.TestSuiteBase">
    <ignored/>
  </testcase> <!-- @AfterSuite tearDown -->
</testsuite> <!-- Test cases of DisplayChannelService GET end point -->
